<?xml version="1.0" encoding="UTF-8"?>
<!-- Generated by org.testng.reporters.JUnitReportReporter -->
<testsuite skipped="0" hostname="LAPTOP-UEB70GEJ" name="com.qa.orangehrm.testcases.Login_page" tests="1" failures="0" timestamp="21 Mar 2020 23:32:24 GMT" time="5.370" errors="0">
  <testcase name="login" time="5.370" classname="com.qa.orangehrm.testcases.Login_page"/>
</testsuite> <!-- com.qa.orangehrm.testcases.Login_page -->
